  [1m[35m (491.9ms)[0m  [1m[35mCREATE DATABASE "URLShortener_development" ENCODING = 'unicode'[0m
  ↳ bin/rails:9
  [1m[35m (250.8ms)[0m  [1m[35mCREATE DATABASE "URLShortener_test" ENCODING = 'unicode'[0m
  ↳ bin/rails:9
  [1m[35m (133.6ms)[0m  [1m[35mCREATE TABLE "schema_migrations" ("version" character varying NOT NULL PRIMARY KEY)[0m
  ↳ bin/rails:9
  [1m[35m (4.8ms)[0m  [1m[35mCREATE TABLE "ar_internal_metadata" ("key" character varying NOT NULL PRIMARY KEY, "value" character varying, "created_at" timestamp NOT NULL, "updated_at" timestamp NOT NULL)[0m
  ↳ bin/rails:9
  [1m[35m (17.2ms)[0m  [1m[34mSELECT pg_try_advisory_lock(4762635147840476445)[0m
  ↳ bin/rails:9
  [1m[35m (1.5ms)[0m  [1m[34mSELECT "schema_migrations"."version" FROM "schema_migrations" ORDER BY "schema_migrations"."version" ASC[0m
  ↳ bin/rails:9
Migrating to CreateUsers (20190327223728)
  [1m[35m (0.7ms)[0m  [1m[34mSELECT pg_advisory_unlock(4762635147840476445)[0m
  ↳ bin/rails:9
  [1m[35m (0.6ms)[0m  [1m[34mSELECT pg_try_advisory_lock(4762635147840476445)[0m
  ↳ bin/rails:9
  [1m[35m (1.1ms)[0m  [1m[34mSELECT "schema_migrations"."version" FROM "schema_migrations" ORDER BY "schema_migrations"."version" ASC[0m
  ↳ bin/rails:9
Migrating to CreateUsers (20190327223728)
  [1m[35m (0.3ms)[0m  [1m[35mBEGIN[0m
  ↳ bin/rails:9
  [1m[35m (8.3ms)[0m  [1m[35mCREATE TABLE "users" ("id" bigserial primary key, "email" character varying NOT NULL, "created_at" timestamp NOT NULL, "updated_at" timestamp NOT NULL)[0m
  ↳ db/migrate/20190327223728_create_users.rb:3
  [1m[35m (45.7ms)[0m  [1m[35mCREATE UNIQUE INDEX  "index_users_on_emails" ON "users"  ("emails")[0m
  ↳ db/migrate/20190327223728_create_users.rb:7
  [1m[35m (0.2ms)[0m  [1m[31mROLLBACK[0m
  ↳ bin/rails:9
  [1m[35m (0.4ms)[0m  [1m[34mSELECT pg_advisory_unlock(4762635147840476445)[0m
  ↳ bin/rails:9
  [1m[35m (0.3ms)[0m  [1m[34mSELECT pg_try_advisory_lock(4762635147840476445)[0m
  ↳ bin/rails:9
  [1m[35m (1.0ms)[0m  [1m[34mSELECT "schema_migrations"."version" FROM "schema_migrations" ORDER BY "schema_migrations"."version" ASC[0m
  ↳ bin/rails:9
Migrating to CreateUsers (20190327223728)
  [1m[35m (0.2ms)[0m  [1m[35mBEGIN[0m
  ↳ bin/rails:9
  [1m[35m (9.5ms)[0m  [1m[35mCREATE TABLE "users" ("id" bigserial primary key, "email" character varying NOT NULL, "created_at" timestamp NOT NULL, "updated_at" timestamp NOT NULL)[0m
  ↳ db/migrate/20190327223728_create_users.rb:3
  [1m[35m (1.3ms)[0m  [1m[35mCREATE UNIQUE INDEX  "index_users_on_email" ON "users"  ("email")[0m
  ↳ db/migrate/20190327223728_create_users.rb:7
  [1m[36mActiveRecord::SchemaMigration Create (0.7ms)[0m  [1m[32mINSERT INTO "schema_migrations" ("version") VALUES ($1) RETURNING "version"[0m  [["version", "20190327223728"]]
  ↳ bin/rails:9
  [1m[35m (0.8ms)[0m  [1m[35mCOMMIT[0m
  ↳ bin/rails:9
  [1m[36mActiveRecord::InternalMetadata Load (0.7ms)[0m  [1m[34mSELECT  "ar_internal_metadata".* FROM "ar_internal_metadata" WHERE "ar_internal_metadata"."key" = $1 LIMIT $2[0m  [["key", "environment"], ["LIMIT", 1]]
  ↳ bin/rails:9
  [1m[35m (0.2ms)[0m  [1m[35mBEGIN[0m
  ↳ bin/rails:9
  [1m[36mActiveRecord::InternalMetadata Create (0.6ms)[0m  [1m[32mINSERT INTO "ar_internal_metadata" ("key", "value", "created_at", "updated_at") VALUES ($1, $2, $3, $4) RETURNING "key"[0m  [["key", "environment"], ["value", "development"], ["created_at", "2019-03-27 22:46:17.253857"], ["updated_at", "2019-03-27 22:46:17.253857"]]
  ↳ bin/rails:9
  [1m[35m (0.5ms)[0m  [1m[35mCOMMIT[0m
  ↳ bin/rails:9
  [1m[35m (0.3ms)[0m  [1m[34mSELECT pg_advisory_unlock(4762635147840476445)[0m
  ↳ bin/rails:9
  [1m[35m (0.3ms)[0m  [1m[34mSELECT "schema_migrations"."version" FROM "schema_migrations" ORDER BY "schema_migrations"."version" ASC[0m
  ↳ bin/rails:9
  [1m[35m (0.3ms)[0m  [1m[35mBEGIN[0m
  [1m[36mUser Exists (17.0ms)[0m  [1m[34mSELECT  1 AS one FROM "users" WHERE "users"."email" IS NULL LIMIT $1[0m  [["LIMIT", 1]]
  [1m[35m (0.4ms)[0m  [1m[31mROLLBACK[0m
  [1m[35m (0.3ms)[0m  [1m[35mBEGIN[0m
  [1m[36mUser Exists (1.1ms)[0m  [1m[34mSELECT  1 AS one FROM "users" WHERE "users"."email" = $1 LIMIT $2[0m  [["email", "myemail@gmail.com"], ["LIMIT", 1]]
  [1m[36mUser Create (1.1ms)[0m  [1m[32mINSERT INTO "users" ("email", "created_at", "updated_at") VALUES ($1, $2, $3) RETURNING "id"[0m  [["email", "myemail@gmail.com"], ["created_at", "2019-03-27 23:04:43.024612"], ["updated_at", "2019-03-27 23:04:43.024612"]]
  [1m[35m (38.4ms)[0m  [1m[35mCOMMIT[0m
  [1m[36mUser Load (0.6ms)[0m  [1m[34mSELECT "users".* FROM "users"[0m
  [1m[35m (0.3ms)[0m  [1m[35mBEGIN[0m
  [1m[36mUser Exists (0.6ms)[0m  [1m[34mSELECT  1 AS one FROM "users" WHERE "users"."email" = $1 LIMIT $2[0m  [["email", "myemail@gmail.com"], ["LIMIT", 1]]
  [1m[35m (0.3ms)[0m  [1m[31mROLLBACK[0m
  [1m[35m (0.4ms)[0m  [1m[34mSELECT pg_try_advisory_lock(4762635147840476445)[0m
  ↳ bin/rails:9
  [1m[35m (9.6ms)[0m  [1m[34mSELECT "schema_migrations"."version" FROM "schema_migrations" ORDER BY "schema_migrations"."version" ASC[0m
  ↳ bin/rails:9
Migrating to CreateShortenedUrls (20190327230828)
  [1m[35m (0.3ms)[0m  [1m[35mBEGIN[0m
  ↳ bin/rails:9
  [1m[35m (12.2ms)[0m  [1m[35mCREATE TABLE "shortened_urls" ("id" bigserial primary key, "user_id" integer NOT NULL, "long_url" character varying NOT NULL, "short_url" character varying NOT NULL, "created_at" timestamp NOT NULL, "updated_at" timestamp NOT NULL)[0m
  ↳ db/migrate/20190327230828_create_shortened_urls.rb:3
  [1m[35m (1.8ms)[0m  [1m[31mROLLBACK[0m
  ↳ bin/rails:9
  [1m[35m (0.4ms)[0m  [1m[34mSELECT pg_advisory_unlock(4762635147840476445)[0m
  ↳ bin/rails:9
  [1m[35m (0.3ms)[0m  [1m[34mSELECT pg_try_advisory_lock(4762635147840476445)[0m
  ↳ bin/rails:9
  [1m[35m (1.1ms)[0m  [1m[34mSELECT "schema_migrations"."version" FROM "schema_migrations" ORDER BY "schema_migrations"."version" ASC[0m
  ↳ bin/rails:9
Migrating to CreateShortenedUrls (20190327230828)
  [1m[35m (0.3ms)[0m  [1m[35mBEGIN[0m
  ↳ bin/rails:9
  [1m[35m (9.2ms)[0m  [1m[35mCREATE TABLE "shortened_urls" ("id" bigserial primary key, "user_id" integer NOT NULL, "long_url" character varying NOT NULL, "short_url" character varying NOT NULL, "created_at" timestamp NOT NULL, "updated_at" timestamp NOT NULL)[0m
  ↳ db/migrate/20190327230828_create_shortened_urls.rb:3
  [1m[35m (1.8ms)[0m  [1m[31mROLLBACK[0m
  ↳ bin/rails:9
  [1m[35m (0.6ms)[0m  [1m[34mSELECT pg_advisory_unlock(4762635147840476445)[0m
  ↳ bin/rails:9
  [1m[35m (0.5ms)[0m  [1m[34mSELECT pg_try_advisory_lock(4762635147840476445)[0m
  ↳ bin/rails:9
  [1m[35m (1.1ms)[0m  [1m[34mSELECT "schema_migrations"."version" FROM "schema_migrations" ORDER BY "schema_migrations"."version" ASC[0m
  ↳ bin/rails:9
Migrating to CreateShortenedUrls (20190327230828)
  [1m[35m (0.2ms)[0m  [1m[35mBEGIN[0m
  ↳ bin/rails:9
  [1m[35m (16.1ms)[0m  [1m[35mCREATE TABLE "shortened_urls" ("id" bigserial primary key, "user_id" integer NOT NULL, "long_url" character varying NOT NULL, "short_url" character varying NOT NULL, "created_at" timestamp NOT NULL, "updated_at" timestamp NOT NULL)[0m
  ↳ db/migrate/20190327230828_create_shortened_urls.rb:3
  [1m[35m (1.7ms)[0m  [1m[35mCREATE UNIQUE INDEX  "index_shortened_urls_on_user_id" ON "shortened_urls"  ("user_id")[0m
  ↳ db/migrate/20190327230828_create_shortened_urls.rb:10
  [1m[35m (1.8ms)[0m  [1m[35mCREATE UNIQUE INDEX  "index_shortened_urls_on_long_url" ON "shortened_urls"  ("long_url")[0m
  ↳ db/migrate/20190327230828_create_shortened_urls.rb:11
  [1m[35m (1.4ms)[0m  [1m[35mCREATE UNIQUE INDEX  "index_shortened_urls_on_short_url" ON "shortened_urls"  ("short_url")[0m
  ↳ db/migrate/20190327230828_create_shortened_urls.rb:12
  [1m[36mActiveRecord::SchemaMigration Create (0.8ms)[0m  [1m[32mINSERT INTO "schema_migrations" ("version") VALUES ($1) RETURNING "version"[0m  [["version", "20190327230828"]]
  ↳ bin/rails:9
  [1m[35m (1.1ms)[0m  [1m[35mCOMMIT[0m
  ↳ bin/rails:9
  [1m[36mActiveRecord::InternalMetadata Load (0.8ms)[0m  [1m[34mSELECT  "ar_internal_metadata".* FROM "ar_internal_metadata" WHERE "ar_internal_metadata"."key" = $1 LIMIT $2[0m  [["key", "environment"], ["LIMIT", 1]]
  ↳ bin/rails:9
  [1m[35m (0.5ms)[0m  [1m[35mBEGIN[0m
  ↳ bin/rails:9
  [1m[35m (0.3ms)[0m  [1m[35mCOMMIT[0m
  ↳ bin/rails:9
  [1m[35m (0.6ms)[0m  [1m[34mSELECT pg_advisory_unlock(4762635147840476445)[0m
  ↳ bin/rails:9
  [1m[35m (0.5ms)[0m  [1m[34mSELECT "schema_migrations"."version" FROM "schema_migrations" ORDER BY "schema_migrations"."version" ASC[0m
  ↳ bin/rails:9
  [1m[35m (0.6ms)[0m  [1m[34mSELECT pg_try_advisory_lock(4762635147840476445)[0m
  ↳ bin/rails:9
  [1m[35m (1.0ms)[0m  [1m[34mSELECT "schema_migrations"."version" FROM "schema_migrations" ORDER BY "schema_migrations"."version" ASC[0m
  ↳ bin/rails:9
  [1m[36mActiveRecord::InternalMetadata Load (0.5ms)[0m  [1m[34mSELECT  "ar_internal_metadata".* FROM "ar_internal_metadata" WHERE "ar_internal_metadata"."key" = $1 LIMIT $2[0m  [["key", "environment"], ["LIMIT", 1]]
  ↳ bin/rails:9
  [1m[35m (0.2ms)[0m  [1m[35mBEGIN[0m
  ↳ bin/rails:9
  [1m[35m (0.2ms)[0m  [1m[35mCOMMIT[0m
  ↳ bin/rails:9
  [1m[35m (0.3ms)[0m  [1m[34mSELECT pg_advisory_unlock(4762635147840476445)[0m
  ↳ bin/rails:9
  [1m[35m (0.3ms)[0m  [1m[34mSELECT "schema_migrations"."version" FROM "schema_migrations" ORDER BY "schema_migrations"."version" ASC[0m
  ↳ bin/rails:9
  [1m[35m (0.3ms)[0m  [1m[35mBEGIN[0m
  [1m[36mShortenedUrl Exists (1.3ms)[0m  [1m[34mSELECT  1 AS one FROM "shortened_urls" WHERE "shortened_urls"."long_url" IS NULL LIMIT $1[0m  [["LIMIT", 1]]
  [1m[36mShortenedUrl Exists (0.6ms)[0m  [1m[34mSELECT  1 AS one FROM "shortened_urls" WHERE "shortened_urls"."short_url" IS NULL LIMIT $1[0m  [["LIMIT", 1]]
  [1m[36mShortenedUrl Exists (0.7ms)[0m  [1m[34mSELECT  1 AS one FROM "shortened_urls" WHERE "shortened_urls"."user_id" IS NULL LIMIT $1[0m  [["LIMIT", 1]]
  [1m[35m (0.4ms)[0m  [1m[31mROLLBACK[0m
  [1m[35m (0.3ms)[0m  [1m[35mBEGIN[0m
  [1m[36mShortenedUrl Exists (1.2ms)[0m  [1m[34mSELECT  1 AS one FROM "shortened_urls" WHERE "shortened_urls"."long_url" = $1 LIMIT $2[0m  [["long_url", "looooooooooooooooooong.com"], ["LIMIT", 1]]
  [1m[36mShortenedUrl Exists (0.4ms)[0m  [1m[34mSELECT  1 AS one FROM "shortened_urls" WHERE "shortened_urls"."short_url" = $1 LIMIT $2[0m  [["short_url", "shrturl.com"], ["LIMIT", 1]]
  [1m[36mShortenedUrl Exists (0.4ms)[0m  [1m[34mSELECT  1 AS one FROM "shortened_urls" WHERE "shortened_urls"."user_id" = $1 LIMIT $2[0m  [["user_id", 12], ["LIMIT", 1]]
  [1m[36mShortenedUrl Create (1.2ms)[0m  [1m[32mINSERT INTO "shortened_urls" ("user_id", "long_url", "short_url", "created_at", "updated_at") VALUES ($1, $2, $3, $4, $5) RETURNING "id"[0m  [["user_id", 12], ["long_url", "looooooooooooooooooong.com"], ["short_url", "shrturl.com"], ["created_at", "2019-03-27 23:30:58.968282"], ["updated_at", "2019-03-27 23:30:58.968282"]]
  [1m[35m (0.6ms)[0m  [1m[35mCOMMIT[0m
  [1m[36mShortenedUrl Load (0.7ms)[0m  [1m[34mSELECT "shortened_urls".* FROM "shortened_urls"[0m
  [1m[36mShortenedUrl Exists (0.6ms)[0m  [1m[34mSELECT  1 AS one FROM "shortened_urls" WHERE "shortened_urls"."id" = $1 LIMIT $2[0m  [["id", 0], ["LIMIT", 1]]
  [1m[36mShortenedUrl Exists (0.7ms)[0m  [1m[34mSELECT  1 AS one FROM "shortened_urls" WHERE "shortened_urls"."id" = $1 LIMIT $2[0m  [["id", 0], ["LIMIT", 1]]
  [1m[36mShortenedUrl Exists (0.7ms)[0m  [1m[34mSELECT  1 AS one FROM "shortened_urls" WHERE "shortened_urls"."id" = $1 LIMIT $2[0m  [["id", 0], ["LIMIT", 1]]
  [1m[36mUser Load (0.7ms)[0m  [1m[34mSELECT "users".* FROM "users"[0m
  [1m[36mUser Load (0.4ms)[0m  [1m[34mSELECT  "users".* FROM "users" ORDER BY "users"."id" ASC LIMIT $1[0m  [["LIMIT", 1]]
  [1m[36mShortenedUrl Exists (0.6ms)[0m  [1m[34mSELECT  1 AS one FROM "shortened_urls" WHERE "shortened_urls"."id" = $1 LIMIT $2[0m  [["id", 0], ["LIMIT", 1]]
  [1m[35m (0.2ms)[0m  [1m[35mBEGIN[0m
  [1m[36mShortenedUrl Exists (0.6ms)[0m  [1m[34mSELECT  1 AS one FROM "shortened_urls" WHERE "shortened_urls"."long_url" = $1 LIMIT $2[0m  [["long_url", "asdlkjvooanfevoenrofneonvdflnalaldsdfasdfasdfsdfsdfafsadf"], ["LIMIT", 1]]
  [1m[36mShortenedUrl Exists (0.4ms)[0m  [1m[34mSELECT  1 AS one FROM "shortened_urls" WHERE "shortened_urls"."short_url" = $1 LIMIT $2[0m  [["short_url", "rabQmf8fdP8c3osb5mWngg"], ["LIMIT", 1]]
  [1m[36mShortenedUrl Exists (0.4ms)[0m  [1m[34mSELECT  1 AS one FROM "shortened_urls" WHERE "shortened_urls"."user_id" = $1 LIMIT $2[0m  [["user_id", 1], ["LIMIT", 1]]
  [1m[36mShortenedUrl Create (0.7ms)[0m  [1m[32mINSERT INTO "shortened_urls" ("user_id", "long_url", "short_url", "created_at", "updated_at") VALUES ($1, $2, $3, $4, $5) RETURNING "id"[0m  [["user_id", 1], ["long_url", "asdlkjvooanfevoenrofneonvdflnalaldsdfasdfasdfsdfsdfafsadf"], ["short_url", "rabQmf8fdP8c3osb5mWngg"], ["created_at", "2019-03-27 23:51:17.788162"], ["updated_at", "2019-03-27 23:51:17.788162"]]
  [1m[35m (0.5ms)[0m  [1m[35mCOMMIT[0m
  [1m[36mShortenedUrl Load (0.9ms)[0m  [1m[34mSELECT "shortened_urls".* FROM "shortened_urls"[0m
  [1m[36mUser Load (0.6ms)[0m  [1m[34mSELECT "users".* FROM "users"[0m
  [1m[36mShortenedUrl Load (0.6ms)[0m  [1m[34mSELECT  "shortened_urls".* FROM "shortened_urls" ORDER BY "shortened_urls"."id" ASC LIMIT $1[0m  [["LIMIT", 1]]
  [1m[36mShortenedUrl Load (0.4ms)[0m  [1m[34mSELECT  "shortened_urls".* FROM "shortened_urls" ORDER BY "shortened_urls"."id" ASC LIMIT $1[0m  [["LIMIT", 1]]
  [1m[36mUser Load (0.3ms)[0m  [1m[34mSELECT  "users".* FROM "users" WHERE "users"."id" = $1 LIMIT $2[0m  [["id", 12], ["LIMIT", 1]]
  [1m[36mShortenedUrl Load (0.5ms)[0m  [1m[34mSELECT  "shortened_urls".* FROM "shortened_urls" ORDER BY "shortened_urls"."id" ASC LIMIT $1 OFFSET $2[0m  [["LIMIT", 1], ["OFFSET", 1]]
  [1m[36mUser Load (0.4ms)[0m  [1m[34mSELECT  "users".* FROM "users" WHERE "users"."id" = $1 LIMIT $2[0m  [["id", 1], ["LIMIT", 1]]
